

--- Builder (Task 1) | Teleutias ---

```
import
import

export
  total
  victories
  defeats
  wonders
  cities
  current
  great
  last
}

export

const
  total
  victories
  defeats
  wonders
  cities
  current
  great
  last
};

export
  private
  private

  constructor
    this
    this
  }

  private
    try
      if
        return
      }
    }
    return
  }

  get
    return
  }

  record
    const
    this
    this

    if
      this
      this
      triggered

      if
        this
        triggered
      }
    }
      this
      this
      triggered

      if
        this
        triggered
      }
    }
      this
      triggered
    }

    if
      this
      triggered
    }

    this
    return
  }

  private
    try
      fs
      fs
    }
  }
}
```

--- Peltast (Task 1) | Lysander ---


--- Builder (Task 2) | Pausanias ---

```
import
import
import
import
import
import
import

const

function
  try
    const
    if
    const
    return
  }
    return
  }
}

function
  res
  log
  interval
):
  res
    '
    '
    '
    '
  });

  let

  const
    try
  },

  const
    if
    const
    if
    const
    const
    fs
    fs
    offset
    const
    for
      try
    }
  },

  return
    clearInterval
    clearInterval
  };
}

export
  engine
  state
  port
):
  const

  const
    const
    const

    res

    if
      fs
        if
        res
        res
      });
    }
      const
      res
      res
    }
      const
      res
      res
    }
      const
      const
      req
    }
      res
      res
    }
  });

  server
    console
  });
}
```

--- Peltast (Task 2) | Leonidas ---
